<?xml version="1.0" encoding="UTF-8"?>
<testsuites>
  <testsuite name="test_code" tests="57" assertions="187" errors="0" failures="1" skipped="0" time="0.153721">
    <testsuite name="classActionTest" file="D:\workspace\php\CS561-Project\tests\test_code\classActionTest.php" tests="23" assertions="46" errors="0" failures="0" skipped="0" time="0.075752">
      <testsuite name="classActionTest::testinsertClass" tests="3" assertions="6" errors="0" failures="0" skipped="0" time="0.014867">
        <testcase name="testinsertClass with data set #0" class="classActionTest" classname="classActionTest" file="D:\workspace\php\CS561-Project\tests\test_code\classActionTest.php" line="13" assertions="2" time="0.007914"/>
        <testcase name="testinsertClass with data set #1" class="classActionTest" classname="classActionTest" file="D:\workspace\php\CS561-Project\tests\test_code\classActionTest.php" line="13" assertions="2" time="0.003339"/>
        <testcase name="testinsertClass with data set #2" class="classActionTest" classname="classActionTest" file="D:\workspace\php\CS561-Project\tests\test_code\classActionTest.php" line="13" assertions="2" time="0.003614"/>
      </testsuite>
      <testsuite name="classActionTest::testfindTagsinClass" tests="3" assertions="6" errors="0" failures="0" skipped="0" time="0.005508">
        <testcase name="testfindTagsinClass with data set #0" class="classActionTest" classname="classActionTest" file="D:\workspace\php\CS561-Project\tests\test_code\classActionTest.php" line="32" assertions="2" time="0.001648"/>
        <testcase name="testfindTagsinClass with data set #1" class="classActionTest" classname="classActionTest" file="D:\workspace\php\CS561-Project\tests\test_code\classActionTest.php" line="32" assertions="2" time="0.001678"/>
        <testcase name="testfindTagsinClass with data set #2" class="classActionTest" classname="classActionTest" file="D:\workspace\php\CS561-Project\tests\test_code\classActionTest.php" line="32" assertions="2" time="0.002182"/>
      </testsuite>
      <testsuite name="classActionTest::testinsertTags" tests="2" assertions="4" errors="0" failures="0" skipped="0" time="0.006509">
        <testcase name="testinsertTags with data set #0" class="classActionTest" classname="classActionTest" file="D:\workspace\php\CS561-Project\tests\test_code\classActionTest.php" line="45" assertions="2" time="0.003654"/>
        <testcase name="testinsertTags with data set #1" class="classActionTest" classname="classActionTest" file="D:\workspace\php\CS561-Project\tests\test_code\classActionTest.php" line="45" assertions="2" time="0.002855"/>
      </testsuite>
      <testsuite name="classActionTest::testupdateTags" tests="2" assertions="4" errors="0" failures="0" skipped="0" time="0.007033">
        <testcase name="testupdateTags with data set #0" class="classActionTest" classname="classActionTest" file="D:\workspace\php\CS561-Project\tests\test_code\classActionTest.php" line="64" assertions="2" time="0.003779"/>
        <testcase name="testupdateTags with data set #1" class="classActionTest" classname="classActionTest" file="D:\workspace\php\CS561-Project\tests\test_code\classActionTest.php" line="64" assertions="2" time="0.003254"/>
      </testsuite>
      <testsuite name="classActionTest::testinsertTa4Class" tests="2" assertions="4" errors="0" failures="0" skipped="0" time="0.007649">
        <testcase name="testinsertTa4Class with data set #0" class="classActionTest" classname="classActionTest" file="D:\workspace\php\CS561-Project\tests\test_code\classActionTest.php" line="83" assertions="2" time="0.003439"/>
        <testcase name="testinsertTa4Class with data set #1" class="classActionTest" classname="classActionTest" file="D:\workspace\php\CS561-Project\tests\test_code\classActionTest.php" line="83" assertions="2" time="0.004210"/>
      </testsuite>
      <testsuite name="classActionTest::testcheckUser4Students" tests="2" assertions="4" errors="0" failures="0" skipped="0" time="0.003837">
        <testcase name="testcheckUser4Students with data set #0" class="classActionTest" classname="classActionTest" file="D:\workspace\php\CS561-Project\tests\test_code\classActionTest.php" line="102" assertions="2" time="0.001974"/>
        <testcase name="testcheckUser4Students with data set #1" class="classActionTest" classname="classActionTest" file="D:\workspace\php\CS561-Project\tests\test_code\classActionTest.php" line="102" assertions="2" time="0.001863"/>
      </testsuite>
      <testsuite name="classActionTest::testdeleteClasses4Tas" tests="4" assertions="8" errors="0" failures="0" skipped="0" time="0.012833">
        <testcase name="testdeleteClasses4Tas with data set #0" class="classActionTest" classname="classActionTest" file="D:\workspace\php\CS561-Project\tests\test_code\classActionTest.php" line="115" assertions="2" time="0.003630"/>
        <testcase name="testdeleteClasses4Tas with data set #1" class="classActionTest" classname="classActionTest" file="D:\workspace\php\CS561-Project\tests\test_code\classActionTest.php" line="115" assertions="2" time="0.003116"/>
        <testcase name="testdeleteClasses4Tas with data set #2" class="classActionTest" classname="classActionTest" file="D:\workspace\php\CS561-Project\tests\test_code\classActionTest.php" line="115" assertions="2" time="0.002551"/>
        <testcase name="testdeleteClasses4Tas with data set #3" class="classActionTest" classname="classActionTest" file="D:\workspace\php\CS561-Project\tests\test_code\classActionTest.php" line="115" assertions="2" time="0.003536"/>
      </testsuite>
      <testsuite name="classActionTest::testupdateClasses" tests="4" assertions="8" errors="0" failures="0" skipped="0" time="0.014074">
        <testcase name="testupdateClasses with data set #0" class="classActionTest" classname="classActionTest" file="D:\workspace\php\CS561-Project\tests\test_code\classActionTest.php" line="134" assertions="2" time="0.004004"/>
        <testcase name="testupdateClasses with data set #1" class="classActionTest" classname="classActionTest" file="D:\workspace\php\CS561-Project\tests\test_code\classActionTest.php" line="134" assertions="2" time="0.002877"/>
        <testcase name="testupdateClasses with data set #2" class="classActionTest" classname="classActionTest" file="D:\workspace\php\CS561-Project\tests\test_code\classActionTest.php" line="134" assertions="2" time="0.003529"/>
        <testcase name="testupdateClasses with data set #3" class="classActionTest" classname="classActionTest" file="D:\workspace\php\CS561-Project\tests\test_code\classActionTest.php" line="134" assertions="2" time="0.003664"/>
      </testsuite>
      <testsuite name="classActionTest::testselectClasses4Students" tests="1" assertions="2" errors="0" failures="0" skipped="0" time="0.003442">
        <testcase name="testselectClasses4Students with data set #0" class="classActionTest" classname="classActionTest" file="D:\workspace\php\CS561-Project\tests\test_code\classActionTest.php" line="153" assertions="2" time="0.003442"/>
      </testsuite>
    </testsuite>
    <testsuite name="modelTest" file="D:\workspace\php\CS561-Project\tests\test_code\modelTest.php" tests="19" assertions="114" errors="0" failures="0" skipped="0" time="0.034021">
      <testsuite name="modelTest::testClass" tests="4" assertions="16" errors="0" failures="0" skipped="0" time="0.005808">
        <testcase name="testClass with data set #0" class="modelTest" classname="modelTest" file="D:\workspace\php\CS561-Project\tests\test_code\modelTest.php" line="16" assertions="4" time="0.001670"/>
        <testcase name="testClass with data set #1" class="modelTest" classname="modelTest" file="D:\workspace\php\CS561-Project\tests\test_code\modelTest.php" line="16" assertions="4" time="0.001326"/>
        <testcase name="testClass with data set #2" class="modelTest" classname="modelTest" file="D:\workspace\php\CS561-Project\tests\test_code\modelTest.php" line="16" assertions="4" time="0.001333"/>
        <testcase name="testClass with data set #3" class="modelTest" classname="modelTest" file="D:\workspace\php\CS561-Project\tests\test_code\modelTest.php" line="16" assertions="4" time="0.001479"/>
      </testsuite>
      <testsuite name="modelTest::testQuestion" tests="2" assertions="30" errors="0" failures="0" skipped="0" time="0.005916">
        <testcase name="testQuestion with data set #0" class="modelTest" classname="modelTest" file="D:\workspace\php\CS561-Project\tests\test_code\modelTest.php" line="29" assertions="15" time="0.003335"/>
        <testcase name="testQuestion with data set #1" class="modelTest" classname="modelTest" file="D:\workspace\php\CS561-Project\tests\test_code\modelTest.php" line="29" assertions="15" time="0.002581"/>
      </testsuite>
      <testsuite name="modelTest::testQuestionConcern" tests="2" assertions="8" errors="0" failures="0" skipped="0" time="0.002719">
        <testcase name="testQuestionConcern with data set #0" class="modelTest" classname="modelTest" file="D:\workspace\php\CS561-Project\tests\test_code\modelTest.php" line="53" assertions="4" time="0.001457"/>
        <testcase name="testQuestionConcern with data set #1" class="modelTest" classname="modelTest" file="D:\workspace\php\CS561-Project\tests\test_code\modelTest.php" line="53" assertions="4" time="0.001262"/>
      </testsuite>
      <testsuite name="modelTest::testUser" tests="7" assertions="42" errors="0" failures="0" skipped="0" time="0.013251">
        <testcase name="testUser with data set #0" class="modelTest" classname="modelTest" file="D:\workspace\php\CS561-Project\tests\test_code\modelTest.php" line="66" assertions="6" time="0.003735"/>
        <testcase name="testUser with data set #1" class="modelTest" classname="modelTest" file="D:\workspace\php\CS561-Project\tests\test_code\modelTest.php" line="66" assertions="6" time="0.001576"/>
        <testcase name="testUser with data set #2" class="modelTest" classname="modelTest" file="D:\workspace\php\CS561-Project\tests\test_code\modelTest.php" line="66" assertions="6" time="0.001592"/>
        <testcase name="testUser with data set #3" class="modelTest" classname="modelTest" file="D:\workspace\php\CS561-Project\tests\test_code\modelTest.php" line="66" assertions="6" time="0.001476"/>
        <testcase name="testUser with data set #4" class="modelTest" classname="modelTest" file="D:\workspace\php\CS561-Project\tests\test_code\modelTest.php" line="66" assertions="6" time="0.001844"/>
        <testcase name="testUser with data set #5" class="modelTest" classname="modelTest" file="D:\workspace\php\CS561-Project\tests\test_code\modelTest.php" line="66" assertions="6" time="0.001542"/>
        <testcase name="testUser with data set #6" class="modelTest" classname="modelTest" file="D:\workspace\php\CS561-Project\tests\test_code\modelTest.php" line="66" assertions="6" time="0.001485"/>
      </testsuite>
      <testsuite name="modelTest::testCompleteMsg" tests="2" assertions="8" errors="0" failures="0" skipped="0" time="0.003151">
        <testcase name="testCompleteMsg with data set #0" class="modelTest" classname="modelTest" file="D:\workspace\php\CS561-Project\tests\test_code\modelTest.php" line="81" assertions="4" time="0.001302"/>
        <testcase name="testCompleteMsg with data set #1" class="modelTest" classname="modelTest" file="D:\workspace\php\CS561-Project\tests\test_code\modelTest.php" line="81" assertions="4" time="0.001849"/>
      </testsuite>
      <testsuite name="modelTest::testTag" tests="2" assertions="10" errors="0" failures="0" skipped="0" time="0.003176">
        <testcase name="testTag with data set #0" class="modelTest" classname="modelTest" file="D:\workspace\php\CS561-Project\tests\test_code\modelTest.php" line="95" assertions="5" time="0.001726"/>
        <testcase name="testTag with data set #1" class="modelTest" classname="modelTest" file="D:\workspace\php\CS561-Project\tests\test_code\modelTest.php" line="95" assertions="5" time="0.001450"/>
      </testsuite>
    </testsuite>
    <testsuite name="QuestionTest" file="D:\workspace\php\CS561-Project\tests\test_code\testQuestionSortTest.php" tests="1" assertions="0" errors="0" failures="1" skipped="0" time="0.004824">
      <testcase name="Warning" assertions="0" time="0.004824">
        <warning type="PHPUnit\Framework\Warning">Warning
No tests found in class "QuestionTest".

</warning>
      </testcase>
    </testsuite>
    <testsuite name="userActionTest" file="D:\workspace\php\CS561-Project\tests\test_code\userActionTest.php" tests="14" assertions="27" errors="0" failures="0" skipped="0" time="0.039123">
      <testcase name="testSql" class="userActionTest" classname="userActionTest" file="D:\workspace\php\CS561-Project\tests\test_code\userActionTest.php" line="10" assertions="1" time="0.001100"/>
      <testsuite name="userActionTest::testfilterUserbyOnids" tests="3" assertions="6" errors="0" failures="0" skipped="0" time="0.011432">
        <testcase name="testfilterUserbyOnids with data set #0" class="userActionTest" classname="userActionTest" file="D:\workspace\php\CS561-Project\tests\test_code\userActionTest.php" line="20" assertions="2" time="0.007097"/>
        <testcase name="testfilterUserbyOnids with data set #1" class="userActionTest" classname="userActionTest" file="D:\workspace\php\CS561-Project\tests\test_code\userActionTest.php" line="20" assertions="2" time="0.001698"/>
        <testcase name="testfilterUserbyOnids with data set #2" class="userActionTest" classname="userActionTest" file="D:\workspace\php\CS561-Project\tests\test_code\userActionTest.php" line="20" assertions="2" time="0.002637"/>
      </testsuite>
      <testsuite name="userActionTest::testinsertTabyOnids" tests="3" assertions="6" errors="0" failures="0" skipped="0" time="0.010091">
        <testcase name="testinsertTabyOnids with data set #0" class="userActionTest" classname="userActionTest" file="D:\workspace\php\CS561-Project\tests\test_code\userActionTest.php" line="33" assertions="2" time="0.003975"/>
        <testcase name="testinsertTabyOnids with data set #1" class="userActionTest" classname="userActionTest" file="D:\workspace\php\CS561-Project\tests\test_code\userActionTest.php" line="33" assertions="2" time="0.002600"/>
        <testcase name="testinsertTabyOnids with data set #2" class="userActionTest" classname="userActionTest" file="D:\workspace\php\CS561-Project\tests\test_code\userActionTest.php" line="33" assertions="2" time="0.003516"/>
      </testsuite>
      <testsuite name="userActionTest::testcheckUserByClass" tests="3" assertions="6" errors="0" failures="0" skipped="0" time="0.005634">
        <testcase name="testcheckUserByClass with data set #0" class="userActionTest" classname="userActionTest" file="D:\workspace\php\CS561-Project\tests\test_code\userActionTest.php" line="51" assertions="2" time="0.002973"/>
        <testcase name="testcheckUserByClass with data set #1" class="userActionTest" classname="userActionTest" file="D:\workspace\php\CS561-Project\tests\test_code\userActionTest.php" line="51" assertions="2" time="0.001496"/>
        <testcase name="testcheckUserByClass with data set #2" class="userActionTest" classname="userActionTest" file="D:\workspace\php\CS561-Project\tests\test_code\userActionTest.php" line="51" assertions="2" time="0.001165"/>
      </testsuite>
      <testsuite name="userActionTest::testfindTasinClass" tests="4" assertions="8" errors="0" failures="0" skipped="0" time="0.010866">
        <testcase name="testfindTasinClass with data set #0" class="userActionTest" classname="userActionTest" file="D:\workspace\php\CS561-Project\tests\test_code\userActionTest.php" line="64" assertions="2" time="0.003663"/>
        <testcase name="testfindTasinClass with data set #1" class="userActionTest" classname="userActionTest" file="D:\workspace\php\CS561-Project\tests\test_code\userActionTest.php" line="64" assertions="2" time="0.002212"/>
        <testcase name="testfindTasinClass with data set #2" class="userActionTest" classname="userActionTest" file="D:\workspace\php\CS561-Project\tests\test_code\userActionTest.php" line="64" assertions="2" time="0.001265"/>
        <testcase name="testfindTasinClass with data set #3" class="userActionTest" classname="userActionTest" file="D:\workspace\php\CS561-Project\tests\test_code\userActionTest.php" line="64" assertions="2" time="0.003726"/>
      </testsuite>
    </testsuite>
  </testsuite>
</testsuites>
