<?xml version="1.0" encoding="UTF-8"?>
<testsuites>
  <testsuite name="test_code/" tests="27" assertions="112" errors="0" failures="0" skipped="0" time="0.064755">
    <testsuite name="actionTest" file="D:\workspace\php\CS561-Project\tests\test_code\actionTest.php" tests="12" assertions="16" errors="0" failures="0" skipped="0" time="0.038953">
      <testcase name="testSql" class="actionTest" classname="actionTest" file="D:\workspace\php\CS561-Project\tests\test_code\actionTest.php" line="11" assertions="1" time="0.001152"/>
      <testsuite name="actionTest::testCheckUserByQuestion" tests="2" assertions="6" errors="0" failures="0" skipped="0" time="0.006283">
        <testcase name="testCheckUserByQuestion with data set #0" class="actionTest" classname="actionTest" file="D:\workspace\php\CS561-Project\tests\test_code\actionTest.php" line="20" assertions="3" time="0.003252"/>
        <testcase name="testCheckUserByQuestion with data set #1" class="actionTest" classname="actionTest" file="D:\workspace\php\CS561-Project\tests\test_code\actionTest.php" line="20" assertions="3" time="0.003031"/>
      </testsuite>
      <testsuite name="actionTest::testAssignQuestion" tests="2" assertions="2" errors="0" failures="0" skipped="0" time="0.010126">
        <testcase name="testAssignQuestion with data set #0" class="actionTest" classname="actionTest" file="D:\workspace\php\CS561-Project\tests\test_code\actionTest.php" line="33" assertions="1" time="0.006562">
          <system-out>{"SUCCESS":"Status update successfully!"}</system-out>
        </testcase>
        <testcase name="testAssignQuestion with data set #1" class="actionTest" classname="actionTest" file="D:\workspace\php\CS561-Project\tests\test_code\actionTest.php" line="33" assertions="1" time="0.003564">
          <system-out>{"SUCCESS":"Status update successfully!"}</system-out>
        </testcase>
      </testsuite>
      <testsuite name="actionTest::testQuestionList" tests="4" assertions="4" errors="0" failures="0" skipped="0" time="0.016343">
        <testcase name="testQuestionList with data set #0" class="actionTest" classname="actionTest" file="D:\workspace\php\CS561-Project\tests\test_code\actionTest.php" line="43" assertions="1" time="0.009774">
          <system-out>{"questions":[{"id":1,"class_id":1,"stdnt_first_name":"Jack","stdnt_last_name":"Chan","stdnt_user_id":1,"create_time":"2017-10-05 18:30:25","title":"test","description":"Why ?","course_keywords":"1,2","preferred_time":"2017-10-06 08:30:00","ta_first_name":"Daenerys","ta_last_name":"Targaryen","ta_user_id":900000006,"status":"signed","students":[{"first_name":"Jianchang","last_name":"Bi","user_id":13},{"first_name":"Jet","last_name":"Li","user_id":3}]},{"id":3,"class_id":1,"stdnt_first_name":"Jaime","stdnt_last_name":"Lannister","stdnt_user_id":7,"create_time":"2017-10-07 12:20:35","title":"test2","description":"what ?","course_keywords":"1,2,3","preferred_time":"2017-10-08 08:30:00","ta_first_name":null,"ta_last_name":null,"ta_user_id":null,"status":"answered","students":[{"first_name":"Jianchang","last_name":"Bi","user_id":13}]},{"id":4,"class_id":1,"stdnt_first_name":"Daenerys","stdnt_last_name":"Tyrion","stdnt_user_id":6,"create_time":"2017-10-08 13:30:23","title":"test3","description":"When ?","course_keywords":null,"preferred_time":"2017-10-09 11:30:00","ta_first_name":null,"ta_last_name":null,"ta_user_id":null,"status":"answered","students":[{"first_name":"Jianchang","last_name":"Bi","user_id":13},{"first_name":"Tyrion","last_name":"Lannister","user_id":8}]},{"id":11,"class_id":1,"stdnt_first_name":"Jack","stdnt_last_name":"Chan","stdnt_user_id":1,"create_time":"2017-10-05 18:30:25","title":"test1","description":"Why ?","course_keywords":"1,2","preferred_time":"2017-10-06 08:30:00","ta_first_name":null,"ta_last_name":null,"ta_user_id":null,"status":"answered","students":[{"first_name":"Jianchang","last_name":"Bi","user_id":13}]},{"id":12,"class_id":1,"stdnt_first_name":"Jack","stdnt_last_name":"Chan","stdnt_user_id":1,"create_time":"2017-10-05 19:30:25","title":"test2","description":"Why ?","course_keywords":"1,2","preferred_time":"2017-10-06 08:30:00","ta_first_name":null,"ta_last_name":null,"ta_user_id":null,"status":"answered","students":[{"first_name":"Jianchang","last_name":"Bi","user_id":13}]},{"id":13,"class_id":1,"stdnt_first_name":"Jack","stdnt_last_name":"Chan","stdnt_user_id":1,"create_time":"2017-10-05 20:30:25","title":"test3","description":"Why ?","course_keywords":"2","preferred_time":"2017-10-06 08:30:00","ta_first_name":null,"ta_last_name":null,"ta_user_id":null,"status":"answered","students":[{"first_name":"Jianchang","last_name":"Bi","user_id":13}]},{"id":14,"class_id":1,"stdnt_first_name":"Jack","stdnt_last_name":"Chan","stdnt_user_id":1,"create_time":"2017-10-05 21:30:25","title":"test4","description":"Why ?","course_keywords":"2","preferred_time":"2017-10-06 08:30:00","ta_first_name":null,"ta_last_name":null,"ta_user_id":null,"status":"answered","students":null},{"id":15,"class_id":1,"stdnt_first_name":"Jack","stdnt_last_name":"Chan","stdnt_user_id":1,"create_time":"2017-10-05 22:30:25","title":"test5","description":"Why ?","course_keywords":"2","preferred_time":"2017-10-06 08:30:00","ta_first_name":null,"ta_last_name":null,"ta_user_id":null,"status":"answered","students":null},{"id":16,"class_id":1,"stdnt_first_name":"Jack","stdnt_last_name":"Chan","stdnt_user_id":1,"create_time":"2017-10-05 17:20:25","title":"test6","description":"Why ?","course_keywords":"1,2","preferred_time":"2017-10-06 08:30:00","ta_first_name":null,"ta_last_name":null,"ta_user_id":null,"status":"answered","students":null},{"id":17,"class_id":1,"stdnt_first_name":"Jack","stdnt_last_name":"Chan","stdnt_user_id":1,"create_time":"2017-10-05 16:30:25","title":"test7","description":"Why ?","course_keywords":"1,2","preferred_time":"2017-10-06 08:30:00","ta_first_name":null,"ta_last_name":null,"ta_user_id":null,"status":"answered","students":null},{"id":18,"class_id":1,"stdnt_first_name":"Jack","stdnt_last_name":"Chan","stdnt_user_id":1,"create_time":"2017-10-05 15:30:25","title":"test8","description":"Why ?","course_keywords":"1,2","preferred_time":"2017-10-06 08:30:00","ta_first_name":null,"ta_last_name":null,"ta_user_id":null,"status":"answered","students":null},{"id":19,"class_id":1,"stdnt_first_name":"Jack","stdnt_last_name":"Chan","stdnt_user_id":1,"create_time":"2017-10-05 14:30:25","title":"test9","description":"Why ?","course_keywords":"1,2","preferred_time":"2017-10-06 08:30:00","ta_first_name":null,"ta_last_name":null,"ta_user_id":null,"status":"answered","students":[{"first_name":"Jianchang","last_name":"Bi","user_id":13}]},{"id":20,"class_id":1,"stdnt_first_name":"Jack","stdnt_last_name":"Chan","stdnt_user_id":1,"create_time":"2017-10-05 13:30:25","title":"test10","description":"Why ?","course_keywords":"1","preferred_time":"2017-10-06 08:30:00","ta_first_name":null,"ta_last_name":null,"ta_user_id":null,"status":"answered","students":[{"first_name":"Jianchang","last_name":"Bi","user_id":13}]},{"id":21,"class_id":1,"stdnt_first_name":"Jack","stdnt_last_name":"Chan","stdnt_user_id":1,"create_time":"2017-10-05 12:30:25","title":"test1","description":"Why ?","course_keywords":"1","preferred_time":"2017-10-06 08:30:00","ta_first_name":null,"ta_last_name":null,"ta_user_id":null,"status":"answered","students":null},{"id":22,"class_id":1,"stdnt_first_name":"Jack","stdnt_last_name":"Chan","stdnt_user_id":1,"create_time":"2017-10-05 11:30:25","title":"test12","description":"Why ?","course_keywords":"1","preferred_time":"2017-10-06 08:30:00","ta_first_name":null,"ta_last_name":null,"ta_user_id":null,"status":"answered","students":null},{"id":47,"class_id":1,"stdnt_first_name":"Tyrion","stdnt_last_name":"Lannister","stdnt_user_id":8,"create_time":"2017-10-14 23:25:00","title":"TEST","description":"TESTTESTTESTTESTTESTTESTTESTTESTTESTTESTTESTTESTTESTTESTTESTTESTTESTTESTTESTTESTTESTTESTTESTTESTTESTTESTTESTTESTTESTTESTTESTTESTTESTTESTTESTTESTTESTTEST","course_keywords":null,"preferred_time":"2017-10-14 21:59:00","ta_first_name":null,"ta_last_name":null,"ta_user_id":null,"status":"proposed","students":null},{"id":48,"class_id":1,"stdnt_first_name":"Tyrion","stdnt_last_name":"Lannister","stdnt_user_id":8,"create_time":"2017-10-14 23:35:17","title":"dsadsadsadsa","description":"dsadsadsadsad","course_keywords":null,"preferred_time":"2017-10-14 21:30:00","ta_first_name":null,"ta_last_name":null,"ta_user_id":null,"status":"proposed","students":[{"first_name":"Jianchang","last_name":"Bi","user_id":13}]},{"id":49,"class_id":1,"stdnt_first_name":"Tyrion","stdnt_last_name":"Lannister","stdnt_user_id":8,"create_time":"2017-10-14 23:51:56","title":"sa'd'sa'd","description":"sadsadsad","course_keywords":null,"preferred_time":"2017-10-14 23:51:56","ta_first_name":null,"ta_last_name":null,"ta_user_id":null,"status":"proposed","students":null},{"id":50,"class_id":1,"stdnt_first_name":"Tyrion","stdnt_last_name":"Lannister","stdnt_user_id":8,"create_time":"2017-10-14 23:52:09","title":"sadasd","description":"asdsad","course_keywords":null,"preferred_time":"2017-10-14 23:52:09","ta_first_name":null,"ta_last_name":null,"ta_user_id":null,"status":"proposed","students":null},{"id":51,"class_id":1,"stdnt_first_name":"Tyrion","stdnt_last_name":"Lannister","stdnt_user_id":8,"create_time":"2017-10-15 00:21:50","title":"asdsad","description":"sadsadsad","course_keywords":null,"preferred_time":"2017-10-15 00:21:50","ta_first_name":null,"ta_last_name":null,"ta_user_id":null,"status":"proposed","students":null},{"id":52,"class_id":1,"stdnt_first_name":"Tyrion","stdnt_last_name":"Lannister","stdnt_user_id":8,"create_time":"2017-10-15 00:22:36","title":"asds","description":"sad","course_keywords":null,"preferred_time":"2017-10-15 00:22:36","ta_first_name":null,"ta_last_name":null,"ta_user_id":null,"status":"proposed","students":null},{"id":53,"class_id":1,"stdnt_first_name":"Tyrion","stdnt_last_name":"Lannister","stdnt_user_id":8,"create_time":"2017-10-15 00:22:40","title":"asd","description":"sdsd","course_keywords":null,"preferred_time":"2017-10-15 00:22:40","ta_first_name":null,"ta_last_name":null,"ta_user_id":null,"status":"proposed","students":null},{"id":54,"class_id":1,"stdnt_first_name":"Tyrion","stdnt_last_name":"Lannister","stdnt_user_id":8,"create_time":"2017-10-15 00:22:44","title":"sadsadsd","description":"sadsad","course_keywords":null,"preferred_time":"2017-10-15 00:22:00","ta_first_name":"Teng","ta_last_name":"Li","ta_user_id":18,"status":"signed","students":null},{"id":55,"class_id":1,"stdnt_first_name":"Tyrion","stdnt_last_name":"Lannister","stdnt_user_id":8,"create_time":"2017-10-15 00:25:48","title":"asdsad","description":"sadsadsad","course_keywords":null,"preferred_time":"2017-10-15 00:25:48","ta_first_name":null,"ta_last_name":null,"ta_user_id":null,"status":"proposed","students":[{"first_name":"Jianchang","last_name":"Bi","user_id":13}]},{"id":56,"class_id":1,"stdnt_first_name":"Tyrion","stdnt_last_name":"Lannister","stdnt_user_id":8,"create_time":"2017-10-15 00:25:58","title":"ts","description":"ts","course_keywords":null,"preferred_time":"2017-10-15 00:25:58","ta_first_name":null,"ta_last_name":null,"ta_user_id":null,"status":"proposed","students":[{"first_name":"Jianchang","last_name":"Bi","user_id":13}]},{"id":57,"class_id":1,"stdnt_first_name":"Tyrion","stdnt_last_name":"Lannister","stdnt_user_id":8,"create_time":"2017-10-15 18:58:25","title":"test 6666","description":"6666666666","course_keywords":null,"preferred_time":"2017-10-15 18:58:25","ta_first_name":null,"ta_last_name":null,"ta_user_id":null,"status":"proposed","students":null},{"id":58,"class_id":1,"stdnt_first_name":"Tyrion","stdnt_last_name":"Lannister","stdnt_user_id":8,"create_time":"2017-10-16 14:03:33","title":"hahahahhaha","description":"hahahah","course_keywords":null,"preferred_time":"2017-10-16 15:00:00","ta_first_name":null,"ta_last_name":null,"ta_user_id":null,"status":"proposed","students":null},{"id":59,"class_id":1,"stdnt_first_name":"Tyrion","stdnt_last_name":"Lannister","stdnt_user_id":8,"create_time":"2017-10-16 15:16:12","title":"Title_Question","description":"Description","course_keywords":null,"preferred_time":"2017-10-16 15:16:12","ta_first_name":"Teng","ta_last_name":"Li","ta_user_id":18,"status":"signed","students":null},{"id":60,"class_id":1,"stdnt_first_name":"Tyrion","stdnt_last_name":"Lannister","stdnt_user_id":8,"create_time":"2017-10-17 14:08:06","title":"I would place a summary here.","description":"And then my full question here","course_keywords":null,"preferred_time":"2017-10-17 15:00:00","ta_first_name":null,"ta_last_name":null,"ta_user_id":null,"status":"proposed","students":null},{"id":61,"class_id":1,"stdnt_first_name":"Tyrion","stdnt_last_name":"Lannister","stdnt_user_id":8,"create_time":"2017-10-17 14:09:45","title":"q","description":"q","course_keywords":null,"preferred_time":"2017-10-17 14:09:45","ta_first_name":null,"ta_last_name":null,"ta_user_id":null,"status":"proposed","students":[{"first_name":"Jianchang","last_name":"Bi","user_id":13}]},{"id":62,"class_id":1,"stdnt_first_name":"Tyrion","stdnt_last_name":"Lannister","stdnt_user_id":8,"create_time":"2017-10-17 17:05:56","title":"I have a question","description":"This is my question","course_keywords":null,"preferred_time":"2017-10-17 17:05:56","ta_first_name":null,"ta_last_name":null,"ta_user_id":null,"status":"proposed","students":[{"first_name":"Jianchang","last_name":"Bi","user_id":13}]},{"id":63,"class_id":1,"stdnt_first_name":"Samuel","stdnt_last_name":"Lichlyter","stdnt_user_id":11,"create_time":"2017-10-17 17:08:26","title":"new question","description":"another question","course_keywords":null,"preferred_time":"2017-10-17 17:08:26","ta_first_name":null,"ta_last_name":null,"ta_user_id":null,"status":"proposed","students":[{"first_name":"Jianchang","last_name":"Bi","user_id":13}]},{"id":64,"class_id":1,"stdnt_first_name":"Samuel","stdnt_last_name":"Lichlyter","stdnt_user_id":11,"create_time":"2017-10-17 17:22:45","title":"New Question","description":"Another test question","course_keywords":null,"preferred_time":"2017-10-17 17:22:45","ta_first_name":null,"ta_last_name":null,"ta_user_id":null,"status":"proposed","students":[{"first_name":"Jianchang","last_name":"Bi","user_id":13}]},{"id":65,"class_id":1,"stdnt_first_name":"Tyrion","stdnt_last_name":"Lannister","stdnt_user_id":8,"create_time":"2017-10-17 17:59:11","title":"Test by Bi","description":"contemt","course_keywords":null,"preferred_time":"2017-10-17 17:59:11","ta_first_name":"Teng","ta_last_name":"Li","ta_user_id":18,"status":"signed","students":null},{"id":66,"class_id":1,"stdnt_first_name":"Jianchang","stdnt_last_name":"Bi","stdnt_user_id":13,"create_time":"2017-10-17 18:06:22","title":"sdsadsa","description":"dsadsadsad","course_keywords":null,"preferred_time":"2017-10-17 18:06:22","ta_first_name":null,"ta_last_name":null,"ta_user_id":null,"status":"proposed","students":null},{"id":68,"class_id":1,"stdnt_first_name":"Jianchang","stdnt_last_name":"Bi","stdnt_user_id":13,"create_time":"2017-10-17 19:20:02","title":"Title","description":"Test","course_keywords":null,"preferred_time":"2017-10-17 19:20:02","ta_first_name":null,"ta_last_name":null,"ta_user_id":null,"status":"proposed","students":null},{"id":69,"class_id":1,"stdnt_first_name":"Jianchang","stdnt_last_name":"Bi","stdnt_user_id":13,"create_time":"2017-10-17 19:48:58","title":"Hi","description":"Testetst","course_keywords":null,"preferred_time":"2017-10-17 20:00:00","ta_first_name":null,"ta_last_name":null,"ta_user_id":null,"status":"proposed","students":null},{"id":70,"class_id":1,"stdnt_first_name":"Deqing","stdnt_last_name":"Qu","stdnt_user_id":15,"create_time":"2017-10-19 14:35:13","title":"TestQ","description":"TestDes","course_keywords":null,"preferred_time":"2017-10-19 14:35:13","ta_first_name":null,"ta_last_name":null,"ta_user_id":null,"status":"proposed","students":[{"first_name":"Jianchang","last_name":"Bi","user_id":13}]},{"id":71,"class_id":1,"stdnt_first_name":"Deqing","stdnt_last_name":"Qu","stdnt_user_id":15,"create_time":"2017-10-19 14:37:13","title":"SendByPostman","description":"This is a question send by Postman","course_keywords":null,"preferred_time":"2017-10-19 14:37:13","ta_first_name":null,"ta_last_name":null,"ta_user_id":null,"status":"proposed","students":[{"first_name":"Jianchang","last_name":"Bi","user_id":13}]},{"id":72,"class_id":1,"stdnt_first_name":"Deqing","stdnt_last_name":"Qu","stdnt_user_id":15,"create_time":"2017-10-19 14:38:33","title":"SendByPostman","description":"This is a question send by Postman","course_keywords":null,"preferred_time":"2017-10-19 14:38:33","ta_first_name":"Teng","ta_last_name":"Li","ta_user_id":18,"status":"signed","students":[{"first_name":"Jianchang","last_name":"Bi","user_id":13}]},{"id":73,"class_id":1,"stdnt_first_name":"Deqing","stdnt_last_name":"Qu","stdnt_user_id":15,"create_time":"2017-10-19 14:39:04","title":"SendByPostman","description":"This is a question send by Postman","course_keywords":null,"preferred_time":"2017-10-19 14:39:04","ta_first_name":null,"ta_last_name":null,"ta_user_id":null,"status":"proposed","students":null},{"id":74,"class_id":1,"stdnt_first_name":"Daniel","stdnt_last_name":"Lin","stdnt_user_id":20,"create_time":"2017-10-23 20:34:11","title":"Why am i in grad school","description":"I need help plz thanks ","course_keywords":null,"preferred_time":"2017-10-23 20:34:11","ta_first_name":"Deqing","ta_last_name":"Qu","ta_user_id":15,"status":"signed","students":[{"first_name":"Jianchang","last_name":"Bi","user_id":13}]},{"id":75,"class_id":1,"stdnt_first_name":"Jianchang","stdnt_last_name":"Bi","stdnt_user_id":13,"create_time":"2017-10-30 14:39:10","title":"Mytest","description":"MytestMytestMytestMytestMytestMytestMytestMytestMytestMytestMytest","course_keywords":null,"preferred_time":"2017-10-30 14:39:10","ta_first_name":"Deqing","ta_last_name":"Qu","ta_user_id":15,"status":"signed","students":null}]}</system-out>
        </testcase>
        <testcase name="testQuestionList with data set #1" class="actionTest" classname="actionTest" file="D:\workspace\php\CS561-Project\tests\test_code\actionTest.php" line="43" assertions="1" time="0.002196">
          <system-out>{"questions":[{"id":5,"class_id":2,"stdnt_first_name":"Jon","stdnt_last_name":"Snow","stdnt_user_id":4,"create_time":"2017-10-09 10:31:18","title":"test4","description":"Where ?","course_keywords":"1","preferred_time":"2017-10-09 18:30:00","ta_first_name":null,"ta_last_name":null,"ta_user_id":null,"status":"answered","students":null}]}</system-out>
        </testcase>
        <testcase name="testQuestionList with data set #2" class="actionTest" classname="actionTest" file="D:\workspace\php\CS561-Project\tests\test_code\actionTest.php" line="43" assertions="1" time="0.002380">
          <system-out>{"questions":[]}</system-out>
        </testcase>
        <testcase name="testQuestionList with data set #3" class="actionTest" classname="actionTest" file="D:\workspace\php\CS561-Project\tests\test_code\actionTest.php" line="43" assertions="1" time="0.001993">
          <system-out>{"questions":[]}</system-out>
        </testcase>
      </testsuite>
      <testsuite name="actionTest::testQueryClass" tests="3" assertions="3" errors="0" failures="0" skipped="0" time="0.005049">
        <testcase name="testQueryClass with data set #0" class="actionTest" classname="actionTest" file="D:\workspace\php\CS561-Project\tests\test_code\actionTest.php" line="54" assertions="1" time="0.001801">
          <system-out>{"class_info":[{"id":1,"name":"CS561","role":1},{"id":4,"name":"CS581","role":1},{"id":5,"name":"CS666","role":1}]}</system-out>
        </testcase>
        <testcase name="testQueryClass with data set #1" class="actionTest" classname="actionTest" file="D:\workspace\php\CS561-Project\tests\test_code\actionTest.php" line="54" assertions="1" time="0.001575">
          <system-out>{"class_info":[{"id":4,"name":"CS581","role":0}]}</system-out>
        </testcase>
        <testcase name="testQueryClass with data set #2" class="actionTest" classname="actionTest" file="D:\workspace\php\CS561-Project\tests\test_code\actionTest.php" line="54" assertions="1" time="0.001673">
          <system-out>{"class_info":[{"id":1,"name":"CS561","role":1},{"id":3,"name":"CS534","role":0}]}</system-out>
        </testcase>
      </testsuite>
    </testsuite>
    <testsuite name="modelTest" file="D:\workspace\php\CS561-Project\tests\test_code\modelTest.php" tests="15" assertions="96" errors="0" failures="0" skipped="0" time="0.025802">
      <testsuite name="modelTest::testClass" tests="4" assertions="16" errors="0" failures="0" skipped="0" time="0.006369">
        <testcase name="testClass with data set #0" class="modelTest" classname="modelTest" file="D:\workspace\php\CS561-Project\tests\test_code\modelTest.php" line="14" assertions="4" time="0.002278"/>
        <testcase name="testClass with data set #1" class="modelTest" classname="modelTest" file="D:\workspace\php\CS561-Project\tests\test_code\modelTest.php" line="14" assertions="4" time="0.001511"/>
        <testcase name="testClass with data set #2" class="modelTest" classname="modelTest" file="D:\workspace\php\CS561-Project\tests\test_code\modelTest.php" line="14" assertions="4" time="0.001284"/>
        <testcase name="testClass with data set #3" class="modelTest" classname="modelTest" file="D:\workspace\php\CS561-Project\tests\test_code\modelTest.php" line="14" assertions="4" time="0.001296"/>
      </testsuite>
      <testsuite name="modelTest::testQuestion" tests="2" assertions="30" errors="0" failures="0" skipped="0" time="0.005305">
        <testcase name="testQuestion with data set #0" class="modelTest" classname="modelTest" file="D:\workspace\php\CS561-Project\tests\test_code\modelTest.php" line="27" assertions="15" time="0.002389"/>
        <testcase name="testQuestion with data set #1" class="modelTest" classname="modelTest" file="D:\workspace\php\CS561-Project\tests\test_code\modelTest.php" line="27" assertions="15" time="0.002916"/>
      </testsuite>
      <testsuite name="modelTest::testQuestionConcern" tests="2" assertions="8" errors="0" failures="0" skipped="0" time="0.002576">
        <testcase name="testQuestionConcern with data set #0" class="modelTest" classname="modelTest" file="D:\workspace\php\CS561-Project\tests\test_code\modelTest.php" line="51" assertions="4" time="0.001281"/>
        <testcase name="testQuestionConcern with data set #1" class="modelTest" classname="modelTest" file="D:\workspace\php\CS561-Project\tests\test_code\modelTest.php" line="51" assertions="4" time="0.001295"/>
      </testsuite>
      <testsuite name="modelTest::testUser" tests="7" assertions="42" errors="0" failures="0" skipped="0" time="0.011552">
        <testcase name="testUser with data set #0" class="modelTest" classname="modelTest" file="D:\workspace\php\CS561-Project\tests\test_code\modelTest.php" line="64" assertions="6" time="0.001509"/>
        <testcase name="testUser with data set #1" class="modelTest" classname="modelTest" file="D:\workspace\php\CS561-Project\tests\test_code\modelTest.php" line="64" assertions="6" time="0.001532"/>
        <testcase name="testUser with data set #2" class="modelTest" classname="modelTest" file="D:\workspace\php\CS561-Project\tests\test_code\modelTest.php" line="64" assertions="6" time="0.001549"/>
        <testcase name="testUser with data set #3" class="modelTest" classname="modelTest" file="D:\workspace\php\CS561-Project\tests\test_code\modelTest.php" line="64" assertions="6" time="0.002347"/>
        <testcase name="testUser with data set #4" class="modelTest" classname="modelTest" file="D:\workspace\php\CS561-Project\tests\test_code\modelTest.php" line="64" assertions="6" time="0.001533"/>
        <testcase name="testUser with data set #5" class="modelTest" classname="modelTest" file="D:\workspace\php\CS561-Project\tests\test_code\modelTest.php" line="64" assertions="6" time="0.001594"/>
        <testcase name="testUser with data set #6" class="modelTest" classname="modelTest" file="D:\workspace\php\CS561-Project\tests\test_code\modelTest.php" line="64" assertions="6" time="0.001488"/>
      </testsuite>
    </testsuite>
  </testsuite>
</testsuites>
